Traceback (most recent call last):
  File "/usr/bin/pylint", line 9, in <module>
    load_entry_point('pylint==1.3.1', 'console_scripts', 'pylint')()
  File "/usr/lib/python3.4/site-packages/pylint/__init__.py", line 21, in run_pylint
    Run(sys.argv[1:])
  File "/usr/lib/python3.4/site-packages/pylint/lint.py", line 991, in __init__
    linter.check(args)
  File "/usr/lib/python3.4/site-packages/pylint/lint.py", line 574, in check
    astroid = self.get_ast(filepath, modname)
  File "/usr/lib/python3.4/site-packages/pylint/lint.py", line 626, in get_ast
    return MANAGER.ast_from_file(filepath, modname, source=True)
  File "/usr/lib/python3.4/site-packages/astroid/manager.py", line 106, in ast_from_file
    return AstroidBuilder(self).file_build(filepath, modname)
  File "/usr/lib/python3.4/site-packages/astroid/builder.py", line 133, in file_build
    module = self._data_build(data, modname, path)
  File "/usr/lib/python3.4/site-packages/astroid/builder.py", line 162, in _data_build
    node = parse(data + '\n')
  File "/usr/lib/python3.4/site-packages/astroid/builder.py", line 39, in parse
    return compile(string, "<string>", 'exec', PyCF_ONLY_AST)
KeyboardInterrupt
